# JRE version: OpenJDK Runtime Environment Corretto-17.0.12.7.1 (17.0.12+7) (build 17.0.12+7-LTS)
# Java VM: OpenJDK 64-Bit Server VM Corretto-17.0.12.7.1 (17.0.12+7-LTS, mixed mode, emulated-client, sharing, tiered, compressed oops, compressed class ptrs, g1 gc, windows-amd64)
GC Precious Log:
 CPUs: 4 total, 4 available
 Memory: 8076M
 Large Page Support: Disabled
 NUMA Support: Disabled
 Compressed Oops: Enabled (32-bit)
 Heap Region Size: 1M
 Heap Min Capacity: 8M
 Heap Initial Capacity: 128M
 Heap Max Capacity: 2020M
 Pre-touch: Disabled
 Parallel Workers: 4
 Concurrent Workers: 1
 Concurrent Refinement Workers: 4
 Periodic GC: Disabled
Heap:
 garbage-first heap   total 133120K, used 57298K [0x0000000081c00000, 0x0000000100000000)
  region size 1024K, 13 young (13312K), 1 survivors (1024K)
 Metaspace       used 93193K, committed 94144K, reserved 1179648K
  class space    used 13440K, committed 13824K, reserved 1048576K
GC Heap History (20 events):
Event: 1117.264 GC heap after
{Heap after GC invocations=72 (full 7):
 garbage-first heap   total 133120K, used 45067K [0x0000000081c00000, 0x0000000100000000)
  region size 1024K, 4 young (4096K), 4 survivors (4096K)
 Metaspace       used 92000K, committed 92736K, reserved 1179648K
  class space    used 13324K, committed 13696K, reserved 1048576K
}
Event: 1118.495 GC heap before
{Heap before GC invocations=73 (full 7):
 garbage-first heap   total 133120K, used 107531K [0x0000000081c00000, 0x0000000100000000)
  region size 1024K, 65 young (66560K), 4 survivors (4096K)
 Metaspace       used 92294K, committed 92992K, reserved 1179648K
  class space    used 13356K, committed 13696K, reserved 1048576K
}
Event: 1118.501 GC heap after
{Heap after GC invocations=74 (full 7):
 garbage-first heap   total 133120K, used 48830K [0x0000000081c00000, 0x0000000100000000)
  region size 1024K, 8 young (8192K), 8 survivors (8192K)
 Metaspace       used 92294K, committed 92992K, reserved 1179648K
  class space    used 13356K, committed 13696K, reserved 1048576K
}
Event: 1118.540 GC heap before
{Heap before GC invocations=74 (full 7):
 garbage-first heap   total 133120K, used 49854K [0x0000000081c00000, 0x0000000100000000)
  region size 1024K, 9 young (9216K), 8 survivors (8192K)
 Metaspace       used 92294K, committed 92992K, reserved 1179648K
  class space    used 13356K, committed 13696K, reserved 1048576K
}
Event: 1118.545 GC heap after
{Heap after GC invocations=75 (full 7):
 garbage-first heap   total 133120K, used 50116K [0x0000000081c00000, 0x0000000100000000)
  region size 1024K, 2 young (2048K), 2 survivors (2048K)
 Metaspace       used 92294K, committed 92992K, reserved 1179648K
  class space    used 13356K, committed 13696K, reserved 1048576K
}
Event: 1120.585 GC heap before
{Heap before GC invocations=75 (full 7):
 garbage-first heap   total 133120K, used 69572K [0x0000000081c00000, 0x0000000100000000)
  region size 1024K, 22 young (22528K), 2 survivors (2048K)
 Metaspace       used 92325K, committed 93056K, reserved 1179648K
  class space    used 13358K, committed 13696K, reserved 1048576K
}
Event: 1120.643 GC heap after
{Heap after GC invocations=76 (full 8):
 garbage-first heap   total 133120K, used 38772K [0x0000000081c00000, 0x0000000100000000)
  region size 1024K, 0 young (0K), 0 survivors (0K)
 Metaspace       used 92306K, committed 93056K, reserved 1179648K
  class space    used 13357K, committed 13696K, reserved 1048576K
}
Event: 1121.133 GC heap before
{Heap before GC invocations=76 (full 8):
 garbage-first heap   total 133120K, used 104308K [0x0000000081c00000, 0x0000000100000000)
  region size 1024K, 65 young (66560K), 0 survivors (0K)
 Metaspace       used 92645K, committed 93376K, reserved 1179648K
  class space    used 13401K, committed 13760K, reserved 1048576K
}
Event: 1121.137 GC heap after
{Heap after GC invocations=77 (full 8):
 garbage-first heap   total 133120K, used 42868K [0x0000000081c00000, 0x0000000100000000)
  region size 1024K, 4 young (4096K), 4 survivors (4096K)
 Metaspace       used 92645K, committed 93376K, reserved 1179648K
  class space    used 13401K, committed 13760K, reserved 1048576K
}
Event: 1121.884 GC heap before
{Heap before GC invocations=78 (full 8):
 garbage-first heap   total 133120K, used 105332K [0x0000000081c00000, 0x0000000100000000)
  region size 1024K, 65 young (66560K), 4 survivors (4096K)
 Metaspace       used 93159K, committed 93888K, reserved 1179648K
  class space    used 13456K, committed 13824K, reserved 1048576K
}
Event: 1121.891 GC heap after
{Heap after GC invocations=79 (full 8):
 garbage-first heap   total 133120K, used 46109K [0x0000000081c00000, 0x0000000100000000)
  region size 1024K, 8 young (8192K), 8 survivors (8192K)
 Metaspace       used 93159K, committed 93888K, reserved 1179648K
  class space    used 13456K, committed 13824K, reserved 1048576K
}
Event: 1249.438 GC heap before
{Heap before GC invocations=79 (full 8):
 garbage-first heap   total 133120K, used 105501K [0x0000000081c00000, 0x0000000100000000)
  region size 1024K, 66 young (67584K), 8 survivors (8192K)
 Metaspace       used 93388K, committed 94144K, reserved 1179648K
  class space    used 13475K, committed 13824K, reserved 1048576K
}
Event: 1249.454 GC heap after
{Heap after GC invocations=80 (full 8):
 garbage-first heap   total 133120K, used 46489K [0x0000000081c00000, 0x0000000100000000)
  region size 1024K, 5 young (5120K), 5 survivors (5120K)
 Metaspace       used 93388K, committed 94144K, reserved 1179648K
  class space    used 13475K, committed 13824K, reserved 1048576K
}
Event: 1734.341 GC heap before
{Heap before GC invocations=81 (full 8):
 garbage-first heap   total 133120K, used 106905K [0x0000000081c00000, 0x0000000100000000)
  region size 1024K, 64 young (65536K), 5 survivors (5120K)
 Metaspace       used 93287K, committed 94144K, reserved 1179648K
  class space    used 13458K, committed 13824K, reserved 1048576K
}
Event: 1734.407 GC heap after
{Heap after GC invocations=82 (full 8):
 garbage-first heap   total 133120K, used 46469K [0x0000000081c00000, 0x0000000100000000)
  region size 1024K, 2 young (2048K), 2 survivors (2048K)
 Metaspace       used 93287K, committed 94144K, reserved 1179648K
  class space    used 13458K, committed 13824K, reserved 1048576K
}
Event: 1767.503 GC heap before
{Heap before GC invocations=82 (full 8):
 garbage-first heap   total 133120K, used 50565K [0x0000000081c00000, 0x0000000100000000)
  region size 1024K, 6 young (6144K), 2 survivors (2048K)
 Metaspace       used 93287K, committed 94144K, reserved 1179648K
  class space    used 13458K, committed 13824K, reserved 1048576K
}
Event: 1767.516 GC heap after
{Heap after GC invocations=83 (full 8):
 garbage-first heap   total 133120K, used 46394K [0x0000000081c00000, 0x0000000100000000)
  region size 1024K, 1 young (1024K), 1 survivors (1024K)
 Metaspace       used 93287K, committed 94144K, reserved 1179648K
  class space    used 13458K, committed 13824K, reserved 1048576K
}
Event: 2273.213 GC heap before
{Heap before GC invocations=83 (full 8):
 garbage-first heap   total 133120K, used 109882K [0x0000000081c00000, 0x0000000100000000)
  region size 1024K, 63 young (64512K), 1 survivors (1024K)
 Metaspace       used 93287K, committed 94144K, reserved 1179648K
  class space    used 13458K, committed 13824K, reserved 1048576K
}
Event: 2273.253 GC heap after
{Heap after GC invocations=84 (full 8):
 garbage-first heap   total 133120K, used 46034K [0x0000000081c00000, 0x0000000100000000)
  region size 1024K, 1 young (1024K), 1 survivors (1024K)
 Metaspace       used 93287K, committed 94144K, reserved 1179648K
  class space    used 13458K, committed 13824K, reserved 1048576K
}
Event: 2342.493 GC heap before
{Heap before GC invocations=85 (full 8):
 garbage-first heap   total 133120K, used 57298K [0x0000000081c00000, 0x0000000100000000)
  region size 1024K, 13 young (13312K), 1 survivors (1024K)
 Metaspace       used 93193K, committed 94144K, reserved 1179648K
  class space    used 13440K, committed 13824K, reserved 1048576K
}

