# JRE version: OpenJDK Runtime Environment Corretto-17.0.12.7.1 (17.0.12+7) (build 17.0.12+7-LTS)
# Java VM: OpenJDK 64-Bit Server VM Corretto-17.0.12.7.1 (17.0.12+7-LTS, mixed mode, emulated-client, sharing, tiered, compressed oops, compressed class ptrs, g1 gc, windows-amd64)
GC Precious Log:
 CPUs: 4 total, 4 available
 Memory: 8076M
 Large Page Support: Disabled
 NUMA Support: Disabled
 Compressed Oops: Enabled (32-bit)
 Heap Region Size: 1M
 Heap Min Capacity: 8M
 Heap Initial Capacity: 128M
 Heap Max Capacity: 2020M
 Pre-touch: Disabled
 Parallel Workers: 4
 Concurrent Workers: 1
 Concurrent Refinement Workers: 4
 Periodic GC: Disabled
Heap:
 garbage-first heap   total 116736K, used 75417K [0x0000000081c00000, 0x0000000100000000)
  region size 1024K, 39 young (39936K), 8 survivors (8192K)
 Metaspace       used 83194K, committed 83840K, reserved 1179648K
  class space    used 12027K, committed 12288K, reserved 1048576K
GC Heap History (20 events):
Event: 52.913 GC heap after
{Heap after GC invocations=43 (full 2):
 garbage-first heap   total 97280K, used 34757K [0x0000000081c00000, 0x0000000100000000)
  region size 1024K, 0 young (0K), 0 survivors (0K)
 Metaspace       used 80674K, committed 81344K, reserved 1179648K
  class space    used 11733K, committed 12032K, reserved 1048576K
}
Event: 53.624 GC heap before
{Heap before GC invocations=43 (full 2):
 garbage-first heap   total 97280K, used 76741K [0x0000000081c00000, 0x0000000100000000)
  region size 1024K, 41 young (41984K), 0 survivors (0K)
 Metaspace       used 80911K, committed 81536K, reserved 1179648K
  class space    used 11764K, committed 12032K, reserved 1048576K
}
Event: 53.627 GC heap after
{Heap after GC invocations=44 (full 2):
 garbage-first heap   total 97280K, used 37761K [0x0000000081c00000, 0x0000000100000000)
  region size 1024K, 3 young (3072K), 3 survivors (3072K)
 Metaspace       used 80911K, committed 81536K, reserved 1179648K
  class space    used 11764K, committed 12032K, reserved 1048576K
}
Event: 54.036 GC heap before
{Heap before GC invocations=44 (full 2):
 garbage-first heap   total 97280K, used 75649K [0x0000000081c00000, 0x0000000100000000)
  region size 1024K, 41 young (41984K), 3 survivors (3072K)
 Metaspace       used 81068K, committed 81664K, reserved 1179648K
  class space    used 11790K, committed 12032K, reserved 1048576K
}
Event: 54.041 GC heap after
{Heap after GC invocations=45 (full 2):
 garbage-first heap   total 97280K, used 40233K [0x0000000081c00000, 0x0000000100000000)
  region size 1024K, 6 young (6144K), 6 survivors (6144K)
 Metaspace       used 81068K, committed 81664K, reserved 1179648K
  class space    used 11790K, committed 12032K, reserved 1048576K
}
Event: 54.771 GC heap before
{Heap before GC invocations=45 (full 2):
 garbage-first heap   total 97280K, used 77097K [0x0000000081c00000, 0x0000000100000000)
  region size 1024K, 42 young (43008K), 6 survivors (6144K)
 Metaspace       used 81544K, committed 82176K, reserved 1179648K
  class space    used 11833K, committed 12096K, reserved 1048576K
}
Event: 54.775 GC heap after
{Heap after GC invocations=46 (full 2):
 garbage-first heap   total 97280K, used 42519K [0x0000000081c00000, 0x0000000100000000)
  region size 1024K, 5 young (5120K), 5 survivors (5120K)
 Metaspace       used 81544K, committed 82176K, reserved 1179648K
  class space    used 11833K, committed 12096K, reserved 1048576K
}
Event: 117.682 GC heap before
{Heap before GC invocations=46 (full 2):
 garbage-first heap   total 97280K, used 77335K [0x0000000081c00000, 0x0000000100000000)
  region size 1024K, 39 young (39936K), 5 survivors (5120K)
 Metaspace       used 81810K, committed 82496K, reserved 1179648K
  class space    used 11869K, committed 12160K, reserved 1048576K
}
Event: 117.692 GC heap after
{Heap after GC invocations=47 (full 2):
 garbage-first heap   total 97280K, used 43204K [0x0000000081c00000, 0x0000000100000000)
  region size 1024K, 4 young (4096K), 4 survivors (4096K)
 Metaspace       used 81810K, committed 82496K, reserved 1179648K
  class space    used 11869K, committed 12160K, reserved 1048576K
}
Event: 120.926 GC heap before
{Heap before GC invocations=47 (full 2):
 garbage-first heap   total 97280K, used 45252K [0x0000000081c00000, 0x0000000100000000)
  region size 1024K, 7 young (7168K), 4 survivors (4096K)
 Metaspace       used 81813K, committed 82496K, reserved 1179648K
  class space    used 11870K, committed 12160K, reserved 1048576K
}
Event: 120.975 GC heap after
{Heap after GC invocations=48 (full 3):
 garbage-first heap   total 97280K, used 31702K [0x0000000081c00000, 0x0000000100000000)
  region size 1024K, 0 young (0K), 0 survivors (0K)
 Metaspace       used 81614K, committed 82496K, reserved 1179648K
  class space    used 11833K, committed 12160K, reserved 1048576K
}
Event: 121.882 GC heap before
{Heap before GC invocations=48 (full 3):
 garbage-first heap   total 97280K, used 76758K [0x0000000081c00000, 0x0000000100000000)
  region size 1024K, 44 young (45056K), 0 survivors (0K)
 Metaspace       used 81856K, committed 82496K, reserved 1179648K
  class space    used 11867K, committed 12160K, reserved 1048576K
}
Event: 121.886 GC heap after
{Heap after GC invocations=49 (full 3):
 garbage-first heap   total 116736K, used 35659K [0x0000000081c00000, 0x0000000100000000)
  region size 1024K, 4 young (4096K), 4 survivors (4096K)
 Metaspace       used 81856K, committed 82496K, reserved 1179648K
  class space    used 11867K, committed 12160K, reserved 1048576K
}
Event: 124.580 GC heap before
{Heap before GC invocations=49 (full 3):
 garbage-first heap   total 116736K, used 90955K [0x0000000081c00000, 0x0000000100000000)
  region size 1024K, 59 young (60416K), 4 survivors (4096K)
 Metaspace       used 82251K, committed 82880K, reserved 1179648K
  class space    used 11932K, committed 12224K, reserved 1048576K
}
Event: 124.584 GC heap after
{Heap after GC invocations=50 (full 3):
 garbage-first heap   total 116736K, used 36822K [0x0000000081c00000, 0x0000000100000000)
  region size 1024K, 5 young (5120K), 5 survivors (5120K)
 Metaspace       used 82251K, committed 82880K, reserved 1179648K
  class space    used 11932K, committed 12224K, reserved 1048576K
}
Event: 125.128 GC heap before
{Heap before GC invocations=50 (full 3):
 garbage-first heap   total 116736K, used 92118K [0x0000000081c00000, 0x0000000100000000)
  region size 1024K, 59 young (60416K), 5 survivors (5120K)
 Metaspace       used 82596K, committed 83264K, reserved 1179648K
  class space    used 11977K, committed 12288K, reserved 1048576K
}
Event: 125.134 GC heap after
{Heap after GC invocations=51 (full 3):
 garbage-first heap   total 116736K, used 39892K [0x0000000081c00000, 0x0000000100000000)
  region size 1024K, 7 young (7168K), 7 survivors (7168K)
 Metaspace       used 82596K, committed 83264K, reserved 1179648K
  class space    used 11977K, committed 12288K, reserved 1048576K
}
Event: 126.670 GC heap before
{Heap before GC invocations=51 (full 3):
 garbage-first heap   total 116736K, used 92116K [0x0000000081c00000, 0x0000000100000000)
  region size 1024K, 58 young (59392K), 7 survivors (7168K)
 Metaspace       used 83164K, committed 83840K, reserved 1179648K
  class space    used 12025K, committed 12288K, reserved 1048576K
}
Event: 126.678 GC heap after
{Heap after GC invocations=52 (full 3):
 garbage-first heap   total 116736K, used 44697K [0x0000000081c00000, 0x0000000100000000)
  region size 1024K, 8 young (8192K), 8 survivors (8192K)
 Metaspace       used 83164K, committed 83840K, reserved 1179648K
  class space    used 12025K, committed 12288K, reserved 1048576K
}
Event: 220.368 GC heap before
{Heap before GC invocations=52 (full 3):
 garbage-first heap   total 116736K, used 75417K [0x0000000081c00000, 0x0000000100000000)
  region size 1024K, 39 young (39936K), 8 survivors (8192K)
 Metaspace       used 83194K, committed 83840K, reserved 1179648K
  class space    used 12027K, committed 12288K, reserved 1048576K
}

