# JRE version: OpenJDK Runtime Environment (22.0.2+9) (build 22.0.2+9-70)
# Java VM: OpenJDK 64-Bit Server VM (22.0.2+9-70, mixed mode, sharing, tiered, compressed oops, compressed class ptrs, g1 gc, windows-amd64)
GC Precious Log:
 CardTable entry size: 512
 Card Set container configuration: InlinePtr #cards 5 size 8 Array Of Cards #cards 12 size 40 Howl #buckets 4 coarsen threshold 1843 Howl Bitmap #cards 512 size 80 coarsen threshold 460 Card regions per heap region 1 cards per card region 2048
 CPUs: 4 total, 4 available
 Memory: 8076M
 Large Page Support: Disabled
 NUMA Support: Disabled
 Compressed Oops: Enabled (32-bit)
 Heap Region Size: 1M
 Heap Min Capacity: 256M
 Heap Initial Capacity: 256M
 Heap Max Capacity: 512M
 Pre-touch: Disabled
 Parallel Workers: 4
 Concurrent Workers: 1
 Concurrent Refinement Workers: 4
 Periodic GC: Disabled
Heap:
 garbage-first heap   total reserved 524288K, committed 262144K, used 188070K [0x00000000e0000000, 0x0000000100000000)
  region size 1024K, 112 young (114688K), 10 survivors (10240K)
 Metaspace       used 71039K, committed 73088K, reserved 393216K
  class space    used 9622K, committed 10816K, reserved 327680K
GC Heap History (20 events):
Event: 322.368 GC heap before
{Heap before GC invocations=29 (full 0):
 garbage-first heap   total reserved 524288K, committed 262144K, used 238000K [0x00000000e0000000, 0x0000000100000000)
  region size 1024K, 153 young (156672K), 5 survivors (5120K)
 Metaspace       used 68069K, committed 70336K, reserved 393216K
  class space    used 9535K, committed 10688K, reserved 327680K
}
Event: 322.374 GC heap after
{Heap after GC invocations=30 (full 0):
 garbage-first heap   total reserved 524288K, committed 262144K, used 88536K [0x00000000e0000000, 0x0000000100000000)
  region size 1024K, 7 young (7168K), 7 survivors (7168K)
 Metaspace       used 68069K, committed 70336K, reserved 393216K
  class space    used 9535K, committed 10688K, reserved 327680K
}
Event: 326.203 GC heap before
{Heap before GC invocations=30 (full 0):
 garbage-first heap   total reserved 524288K, committed 262144K, used 191960K [0x00000000e0000000, 0x0000000100000000)
  region size 1024K, 110 young (112640K), 7 survivors (7168K)
 Metaspace       used 68107K, committed 70400K, reserved 393216K
  class space    used 9535K, committed 10688K, reserved 327680K
}
Event: 326.205 GC heap after
{Heap after GC invocations=31 (full 0):
 garbage-first heap   total reserved 524288K, committed 262144K, used 83272K [0x00000000e0000000, 0x0000000100000000)
  region size 1024K, 2 young (2048K), 2 survivors (2048K)
 Metaspace       used 68107K, committed 70400K, reserved 393216K
  class space    used 9535K, committed 10688K, reserved 327680K
}
Event: 332.265 GC heap before
{Heap before GC invocations=32 (full 0):
 garbage-first heap   total reserved 524288K, committed 262144K, used 235776K [0x00000000e0000000, 0x0000000100000000)
  region size 1024K, 153 young (156672K), 2 survivors (2048K)
 Metaspace       used 68230K, committed 70528K, reserved 393216K
  class space    used 9539K, committed 10688K, reserved 327680K
}
Event: 332.269 GC heap after
{Heap after GC invocations=33 (full 0):
 garbage-first heap   total reserved 524288K, committed 262144K, used 82692K [0x00000000e0000000, 0x0000000100000000)
  region size 1024K, 3 young (3072K), 3 survivors (3072K)
 Metaspace       used 68230K, committed 70528K, reserved 393216K
  class space    used 9539K, committed 10688K, reserved 327680K
}
Event: 350.840 GC heap before
{Heap before GC invocations=33 (full 0):
 garbage-first heap   total reserved 524288K, committed 262144K, used 236292K [0x00000000e0000000, 0x0000000100000000)
  region size 1024K, 153 young (156672K), 3 survivors (3072K)
 Metaspace       used 68271K, committed 70528K, reserved 393216K
  class space    used 9541K, committed 10688K, reserved 327680K
}
Event: 350.845 GC heap after
{Heap after GC invocations=34 (full 0):
 garbage-first heap   total reserved 524288K, committed 262144K, used 79596K [0x00000000e0000000, 0x0000000100000000)
  region size 1024K, 4 young (4096K), 4 survivors (4096K)
 Metaspace       used 68271K, committed 70528K, reserved 393216K
  class space    used 9541K, committed 10688K, reserved 327680K
}
Event: 355.483 GC heap before
{Heap before GC invocations=34 (full 0):
 garbage-first heap   total reserved 524288K, committed 262144K, used 231148K [0x00000000e0000000, 0x0000000100000000)
  region size 1024K, 153 young (156672K), 4 survivors (4096K)
 Metaspace       used 68295K, committed 70528K, reserved 393216K
  class space    used 9541K, committed 10688K, reserved 327680K
}
Event: 355.500 GC heap after
{Heap after GC invocations=35 (full 0):
 garbage-first heap   total reserved 524288K, committed 262144K, used 93735K [0x00000000e0000000, 0x0000000100000000)
  region size 1024K, 18 young (18432K), 18 survivors (18432K)
 Metaspace       used 68295K, committed 70528K, reserved 393216K
  class space    used 9541K, committed 10688K, reserved 327680K
}
Event: 365.368 GC heap before
{Heap before GC invocations=35 (full 0):
 garbage-first heap   total reserved 524288K, committed 262144K, used 227879K [0x00000000e0000000, 0x0000000100000000)
  region size 1024K, 149 young (152576K), 18 survivors (18432K)
 Metaspace       used 68347K, committed 70592K, reserved 393216K
  class space    used 9546K, committed 10688K, reserved 327680K
}
Event: 365.380 GC heap after
{Heap after GC invocations=36 (full 0):
 garbage-first heap   total reserved 524288K, committed 262144K, used 90449K [0x00000000e0000000, 0x0000000100000000)
  region size 1024K, 14 young (14336K), 14 survivors (14336K)
 Metaspace       used 68347K, committed 70592K, reserved 393216K
  class space    used 9546K, committed 10688K, reserved 327680K
}
Event: 420.606 GC heap before
{Heap before GC invocations=37 (full 0):
 garbage-first heap   total reserved 524288K, committed 262144K, used 231761K [0x00000000e0000000, 0x0000000100000000)
  region size 1024K, 153 young (156672K), 14 survivors (14336K)
 Metaspace       used 68386K, committed 70592K, reserved 393216K
  class space    used 9548K, committed 10688K, reserved 327680K
}
Event: 420.617 GC heap after
{Heap after GC invocations=38 (full 0):
 garbage-first heap   total reserved 524288K, committed 262144K, used 90351K [0x00000000e0000000, 0x0000000100000000)
  region size 1024K, 13 young (13312K), 13 survivors (13312K)
 Metaspace       used 68386K, committed 70592K, reserved 393216K
  class space    used 9548K, committed 10688K, reserved 327680K
}
Event: 464.252 GC heap before
{Heap before GC invocations=38 (full 0):
 garbage-first heap   total reserved 524288K, committed 262144K, used 228591K [0x00000000e0000000, 0x0000000100000000)
  region size 1024K, 149 young (152576K), 13 survivors (13312K)
 Metaspace       used 68662K, committed 70976K, reserved 393216K
  class space    used 9582K, committed 10752K, reserved 327680K
}
Event: 464.263 GC heap after
{Heap after GC invocations=39 (full 0):
 garbage-first heap   total reserved 524288K, committed 262144K, used 86819K [0x00000000e0000000, 0x0000000100000000)
  region size 1024K, 12 young (12288K), 12 survivors (12288K)
 Metaspace       used 68662K, committed 70976K, reserved 393216K
  class space    used 9582K, committed 10752K, reserved 327680K
}
Event: 471.292 GC heap before
{Heap before GC invocations=39 (full 0):
 garbage-first heap   total reserved 524288K, committed 262144K, used 229155K [0x00000000e0000000, 0x0000000100000000)
  region size 1024K, 151 young (154624K), 12 survivors (12288K)
 Metaspace       used 68694K, committed 70976K, reserved 393216K
  class space    used 9582K, committed 10752K, reserved 327680K
}
Event: 471.302 GC heap after
{Heap after GC invocations=40 (full 0):
 garbage-first heap   total reserved 524288K, committed 262144K, used 86823K [0x00000000e0000000, 0x0000000100000000)
  region size 1024K, 12 young (12288K), 12 survivors (12288K)
 Metaspace       used 68694K, committed 70976K, reserved 393216K
  class space    used 9582K, committed 10752K, reserved 327680K
}
Event: 731.559 GC heap before
{Heap before GC invocations=41 (full 0):
 garbage-first heap   total reserved 524288K, committed 262144K, used 227111K [0x00000000e0000000, 0x0000000100000000)
  region size 1024K, 150 young (153600K), 12 survivors (12288K)
 Metaspace       used 66781K, committed 70976K, reserved 393216K
  class space    used 9101K, committed 10752K, reserved 327680K
}
Event: 731.570 GC heap after
{Heap after GC invocations=42 (full 0):
 garbage-first heap   total reserved 524288K, committed 262144K, used 85670K [0x00000000e0000000, 0x0000000100000000)
  region size 1024K, 10 young (10240K), 10 survivors (10240K)
 Metaspace       used 66781K, committed 70976K, reserved 393216K
  class space    used 9101K, committed 10752K, reserved 327680K
}

